{
  "RSpec": {
    "coverage": {
      "/Users/hani-sagal/turing_work/1mod/IC_challenges/Week_6_Challenge/shiny-giggle/lib/attendee.rb": {
        "lines": [
          1,
          1,
          null,
          1,
          2,
          2,
          null,
          null
        ]
      },
      "/Users/hani-sagal/turing_work/1mod/IC_challenges/Week_6_Challenge/shiny-giggle/lib/auction.rb": {
        "lines": [
          1,
          1,
          null,
          1,
          4,
          null,
          null,
          1,
          4,
          null,
          null,
          1,
          1,
          null,
          null
        ]
      },
      "/Users/hani-sagal/turing_work/1mod/IC_challenges/Week_6_Challenge/shiny-giggle/lib/item.rb": {
        "lines": [
          1,
          1,
          null,
          1,
          12,
          12,
          null,
          null
        ]
      },
      "/Users/hani-sagal/turing_work/1mod/IC_challenges/Week_6_Challenge/shiny-giggle/spec/attendee_spec.rb": {
        "lines": [
          1,
          null,
          1,
          1,
          2,
          null,
          null,
          1,
          1,
          null,
          null,
          1,
          1,
          1,
          null,
          null
        ]
      },
      "/Users/hani-sagal/turing_work/1mod/IC_challenges/Week_6_Challenge/shiny-giggle/spec/auction_spec.rb": {
        "lines": [
          1,
          null,
          1,
          1,
          4,
          4,
          4,
          null,
          null,
          1,
          1,
          null,
          null,
          1,
          1,
          null,
          null,
          1,
          1,
          1,
          null,
          1,
          null,
          null,
          1,
          1,
          1,
          null,
          1,
          null,
          null
        ]
      },
      "/Users/hani-sagal/turing_work/1mod/IC_challenges/Week_6_Challenge/shiny-giggle/spec/item_spec.rb": {
        "lines": [
          1,
          null,
          1,
          1,
          2,
          2,
          null,
          null,
          1,
          1,
          null,
          null,
          1,
          1,
          1,
          null,
          null
        ]
      }
    },
    "timestamp": 1731431609
  }
}
